mode: atomic
github.com/simonjohansson/kanban/backend/internal/server/hub.go:27.20,32.44 1 9
github.com/simonjohansson/kanban/backend/internal/server/hub.go:32.44,34.5 1 2
github.com/simonjohansson/kanban/backend/internal/server/hub.go:42.2,43.10 2 9
github.com/simonjohansson/kanban/backend/internal/server/hub.go:46.23,48.2 1 9
github.com/simonjohansson/kanban/backend/internal/server/hub.go:50.63,52.16 2 2
github.com/simonjohansson/kanban/backend/internal/server/hub.go:52.16,54.3 1 0
github.com/simonjohansson/kanban/backend/internal/server/hub.go:55.2,58.12 3 2
github.com/simonjohansson/kanban/backend/internal/server/hub.go:58.12,59.16 1 2
github.com/simonjohansson/kanban/backend/internal/server/hub.go:59.16,59.42 1 2
github.com/simonjohansson/kanban/backend/internal/server/hub.go:60.3,60.7 1 2
github.com/simonjohansson/kanban/backend/internal/server/hub.go:60.7,61.58 1 2
github.com/simonjohansson/kanban/backend/internal/server/hub.go:61.58,63.5 1 2
github.com/simonjohansson/kanban/backend/internal/server/hub.go:68.42,69.9 1 26
github.com/simonjohansson/kanban/backend/internal/server/hub.go:70.28,70.28 0 26
github.com/simonjohansson/kanban/backend/internal/server/hub.go:71.10,71.10 0 0
github.com/simonjohansson/kanban/backend/internal/server/hub.go:76.21,77.6 1 9
github.com/simonjohansson/kanban/backend/internal/server/hub.go:77.6,78.10 1 38
github.com/simonjohansson/kanban/backend/internal/server/hub.go:79.31,80.34 1 2
github.com/simonjohansson/kanban/backend/internal/server/hub.go:81.33,82.38 1 1
github.com/simonjohansson/kanban/backend/internal/server/hub.go:82.38,85.5 2 1
github.com/simonjohansson/kanban/backend/internal/server/hub.go:86.31,87.34 1 26
github.com/simonjohansson/kanban/backend/internal/server/hub.go:87.34,88.64 1 9
github.com/simonjohansson/kanban/backend/internal/server/hub.go:88.64,89.14 1 1
github.com/simonjohansson/kanban/backend/internal/server/hub.go:91.5,95.19 5 8
github.com/simonjohansson/kanban/backend/internal/server/hub.go:95.19,98.6 2 0
github.com/simonjohansson/kanban/backend/internal/server/hub.go:100.17,101.34 1 9
github.com/simonjohansson/kanban/backend/internal/server/hub.go:101.34,103.5 1 1
github.com/simonjohansson/kanban/backend/internal/server/hub.go:104.4,104.10 1 9
github.com/simonjohansson/kanban/backend/internal/server/server.go:30.41,32.16 2 9
github.com/simonjohansson/kanban/backend/internal/server/server.go:32.16,34.3 1 0
github.com/simonjohansson/kanban/backend/internal/server/server.go:35.2,36.16 2 9
github.com/simonjohansson/kanban/backend/internal/server/server.go:36.16,38.3 1 0
github.com/simonjohansson/kanban/backend/internal/server/server.go:39.2,42.15 4 9
github.com/simonjohansson/kanban/backend/internal/server/server.go:45.41,47.2 1 9
github.com/simonjohansson/kanban/backend/internal/server/server.go:49.32,52.2 2 9
github.com/simonjohansson/kanban/backend/internal/server/server.go:54.27,55.71 1 9
github.com/simonjohansson/kanban/backend/internal/server/server.go:55.71,57.3 1 0
github.com/simonjohansson/kanban/backend/internal/server/server.go:58.2,69.69 12 9
github.com/simonjohansson/kanban/backend/internal/server/server.go:78.72,80.61 2 12
github.com/simonjohansson/kanban/backend/internal/server/server.go:80.61,83.3 2 1
github.com/simonjohansson/kanban/backend/internal/server/server.go:84.2,85.16 2 11
github.com/simonjohansson/kanban/backend/internal/server/server.go:85.16,86.34 1 2
github.com/simonjohansson/kanban/backend/internal/server/server.go:86.34,89.4 2 1
github.com/simonjohansson/kanban/backend/internal/server/server.go:90.3,91.9 2 1
github.com/simonjohansson/kanban/backend/internal/server/server.go:93.2,93.60 1 9
github.com/simonjohansson/kanban/backend/internal/server/server.go:93.60,96.3 2 0
github.com/simonjohansson/kanban/backend/internal/server/server.go:97.2,98.43 2 9
github.com/simonjohansson/kanban/backend/internal/server/server.go:101.71,103.16 2 2
github.com/simonjohansson/kanban/backend/internal/server/server.go:103.16,106.3 2 1
github.com/simonjohansson/kanban/backend/internal/server/server.go:107.2,107.67 1 1
github.com/simonjohansson/kanban/backend/internal/server/server.go:117.69,120.61 3 10
github.com/simonjohansson/kanban/backend/internal/server/server.go:120.61,123.3 2 1
github.com/simonjohansson/kanban/backend/internal/server/server.go:124.2,125.16 2 9
github.com/simonjohansson/kanban/backend/internal/server/server.go:125.16,128.3 2 2
github.com/simonjohansson/kanban/backend/internal/server/server.go:129.2,130.16 2 7
github.com/simonjohansson/kanban/backend/internal/server/server.go:130.16,133.3 2 0
github.com/simonjohansson/kanban/backend/internal/server/server.go:134.2,134.60 1 7
github.com/simonjohansson/kanban/backend/internal/server/server.go:134.60,137.3 2 0
github.com/simonjohansson/kanban/backend/internal/server/server.go:138.2,138.54 1 7
github.com/simonjohansson/kanban/backend/internal/server/server.go:138.54,141.3 2 0
github.com/simonjohansson/kanban/backend/internal/server/server.go:142.2,149.40 2 7
github.com/simonjohansson/kanban/backend/internal/server/server.go:152.68,156.16 4 4
github.com/simonjohansson/kanban/backend/internal/server/server.go:156.16,159.3 2 0
github.com/simonjohansson/kanban/backend/internal/server/server.go:160.2,160.61 1 4
github.com/simonjohansson/kanban/backend/internal/server/server.go:163.66,166.16 3 3
github.com/simonjohansson/kanban/backend/internal/server/server.go:166.16,169.3 2 1
github.com/simonjohansson/kanban/backend/internal/server/server.go:170.2,171.16 2 2
github.com/simonjohansson/kanban/backend/internal/server/server.go:171.16,172.37 1 1
github.com/simonjohansson/kanban/backend/internal/server/server.go:172.37,175.4 2 1
github.com/simonjohansson/kanban/backend/internal/server/server.go:176.3,177.9 2 0
github.com/simonjohansson/kanban/backend/internal/server/server.go:179.2,179.35 1 1
github.com/simonjohansson/kanban/backend/internal/server/server.go:187.67,190.16 3 5
github.com/simonjohansson/kanban/backend/internal/server/server.go:190.16,193.3 2 0
github.com/simonjohansson/kanban/backend/internal/server/server.go:194.2,195.61 2 5
github.com/simonjohansson/kanban/backend/internal/server/server.go:195.61,198.3 2 1
github.com/simonjohansson/kanban/backend/internal/server/server.go:199.2,200.16 2 4
github.com/simonjohansson/kanban/backend/internal/server/server.go:200.16,201.37 1 2
github.com/simonjohansson/kanban/backend/internal/server/server.go:201.37,204.4 2 1
github.com/simonjohansson/kanban/backend/internal/server/server.go:205.3,206.9 2 1
github.com/simonjohansson/kanban/backend/internal/server/server.go:208.2,208.54 1 2
github.com/simonjohansson/kanban/backend/internal/server/server.go:208.54,211.3 2 0
github.com/simonjohansson/kanban/backend/internal/server/server.go:212.2,219.35 2 2
github.com/simonjohansson/kanban/backend/internal/server/server.go:226.70,229.16 3 5
github.com/simonjohansson/kanban/backend/internal/server/server.go:229.16,232.3 2 0
github.com/simonjohansson/kanban/backend/internal/server/server.go:233.2,234.61 2 5
github.com/simonjohansson/kanban/backend/internal/server/server.go:234.61,237.3 2 1
github.com/simonjohansson/kanban/backend/internal/server/server.go:238.2,239.16 2 4
github.com/simonjohansson/kanban/backend/internal/server/server.go:239.16,240.37 1 2
github.com/simonjohansson/kanban/backend/internal/server/server.go:240.37,243.4 2 1
github.com/simonjohansson/kanban/backend/internal/server/server.go:244.3,245.9 2 1
github.com/simonjohansson/kanban/backend/internal/server/server.go:247.2,247.54 1 2
github.com/simonjohansson/kanban/backend/internal/server/server.go:247.54,250.3 2 0
github.com/simonjohansson/kanban/backend/internal/server/server.go:251.2,258.35 2 2
github.com/simonjohansson/kanban/backend/internal/server/server.go:261.76,264.16 3 5
github.com/simonjohansson/kanban/backend/internal/server/server.go:264.16,267.3 2 0
github.com/simonjohansson/kanban/backend/internal/server/server.go:268.2,269.61 2 5
github.com/simonjohansson/kanban/backend/internal/server/server.go:269.61,272.3 2 1
github.com/simonjohansson/kanban/backend/internal/server/server.go:273.2,274.16 2 4
github.com/simonjohansson/kanban/backend/internal/server/server.go:274.16,275.37 1 2
github.com/simonjohansson/kanban/backend/internal/server/server.go:275.37,278.4 2 1
github.com/simonjohansson/kanban/backend/internal/server/server.go:279.3,280.9 2 1
github.com/simonjohansson/kanban/backend/internal/server/server.go:282.2,282.54 1 2
github.com/simonjohansson/kanban/backend/internal/server/server.go:282.54,285.3 2 0
github.com/simonjohansson/kanban/backend/internal/server/server.go:286.2,293.35 2 2
github.com/simonjohansson/kanban/backend/internal/server/server.go:296.69,299.16 3 6
github.com/simonjohansson/kanban/backend/internal/server/server.go:299.16,302.3 2 1
github.com/simonjohansson/kanban/backend/internal/server/server.go:303.2,305.16 3 5
github.com/simonjohansson/kanban/backend/internal/server/server.go:305.16,306.37 1 1
github.com/simonjohansson/kanban/backend/internal/server/server.go:306.37,309.4 2 1
github.com/simonjohansson/kanban/backend/internal/server/server.go:310.3,311.9 2 0
github.com/simonjohansson/kanban/backend/internal/server/server.go:313.2,313.16 1 4
github.com/simonjohansson/kanban/backend/internal/server/server.go:313.16,314.74 1 2
github.com/simonjohansson/kanban/backend/internal/server/server.go:314.74,317.4 2 0
github.com/simonjohansson/kanban/backend/internal/server/server.go:318.3,324.5 1 2
github.com/simonjohansson/kanban/backend/internal/server/server.go:325.8,325.61 1 2
github.com/simonjohansson/kanban/backend/internal/server/server.go:325.61,328.3 2 0
github.com/simonjohansson/kanban/backend/internal/server/server.go:328.8,336.3 1 2
github.com/simonjohansson/kanban/backend/internal/server/server.go:337.2,337.35 1 4
github.com/simonjohansson/kanban/backend/internal/server/server.go:340.52,343.31 3 24
github.com/simonjohansson/kanban/backend/internal/server/server.go:343.31,345.3 1 2
github.com/simonjohansson/kanban/backend/internal/server/server.go:346.2,346.20 1 22
github.com/simonjohansson/kanban/backend/internal/server/server.go:349.50,351.2 1 26
github.com/simonjohansson/kanban/backend/internal/server/server.go:353.76,355.16 2 2
github.com/simonjohansson/kanban/backend/internal/server/server.go:355.16,358.3 2 1
github.com/simonjohansson/kanban/backend/internal/server/server.go:359.2,359.74 1 1
github.com/simonjohansson/kanban/backend/internal/server/server.go:359.74,362.3 2 0
github.com/simonjohansson/kanban/backend/internal/server/server.go:363.2,366.4 1 1
github.com/simonjohansson/kanban/backend/internal/server/server.go:369.70,373.2 3 1
github.com/simonjohansson/kanban/backend/internal/server/server.go:375.64,379.2 3 54
github.com/simonjohansson/kanban/backend/internal/server/server.go:381.64,383.2 1 21
