mode: atomic
github.com/simonjohansson/kanban/backend/api/spec.go:8.27,12.2 3 1
github.com/simonjohansson/kanban/backend/internal/server/hub.go:27.20,32.44 1 9
github.com/simonjohansson/kanban/backend/internal/server/hub.go:32.44,34.5 1 2
github.com/simonjohansson/kanban/backend/internal/server/hub.go:42.2,43.10 2 9
github.com/simonjohansson/kanban/backend/internal/server/hub.go:46.23,48.2 1 9
github.com/simonjohansson/kanban/backend/internal/server/hub.go:50.63,52.16 2 2
github.com/simonjohansson/kanban/backend/internal/server/hub.go:52.16,54.3 1 0
github.com/simonjohansson/kanban/backend/internal/server/hub.go:55.2,58.12 3 2
github.com/simonjohansson/kanban/backend/internal/server/hub.go:58.12,59.16 1 2
github.com/simonjohansson/kanban/backend/internal/server/hub.go:59.16,59.42 1 2
github.com/simonjohansson/kanban/backend/internal/server/hub.go:60.3,60.7 1 2
github.com/simonjohansson/kanban/backend/internal/server/hub.go:60.7,61.58 1 2
github.com/simonjohansson/kanban/backend/internal/server/hub.go:61.58,63.5 1 2
github.com/simonjohansson/kanban/backend/internal/server/hub.go:68.42,69.9 1 26
github.com/simonjohansson/kanban/backend/internal/server/hub.go:70.28,70.28 0 26
github.com/simonjohansson/kanban/backend/internal/server/hub.go:71.10,71.10 0 0
github.com/simonjohansson/kanban/backend/internal/server/hub.go:76.21,77.6 1 9
github.com/simonjohansson/kanban/backend/internal/server/hub.go:77.6,78.10 1 38
github.com/simonjohansson/kanban/backend/internal/server/hub.go:79.31,80.34 1 2
github.com/simonjohansson/kanban/backend/internal/server/hub.go:81.33,82.38 1 1
github.com/simonjohansson/kanban/backend/internal/server/hub.go:82.38,85.5 2 1
github.com/simonjohansson/kanban/backend/internal/server/hub.go:86.31,87.34 1 26
github.com/simonjohansson/kanban/backend/internal/server/hub.go:87.34,88.64 1 9
github.com/simonjohansson/kanban/backend/internal/server/hub.go:88.64,89.14 1 1
github.com/simonjohansson/kanban/backend/internal/server/hub.go:91.5,95.19 5 8
github.com/simonjohansson/kanban/backend/internal/server/hub.go:95.19,98.6 2 0
github.com/simonjohansson/kanban/backend/internal/server/hub.go:100.17,101.34 1 9
github.com/simonjohansson/kanban/backend/internal/server/hub.go:101.34,103.5 1 1
github.com/simonjohansson/kanban/backend/internal/server/hub.go:104.4,104.10 1 9
github.com/simonjohansson/kanban/backend/internal/server/server.go:30.41,32.16 2 9
github.com/simonjohansson/kanban/backend/internal/server/server.go:32.16,34.3 1 0
github.com/simonjohansson/kanban/backend/internal/server/server.go:35.2,36.16 2 9
github.com/simonjohansson/kanban/backend/internal/server/server.go:36.16,38.3 1 0
github.com/simonjohansson/kanban/backend/internal/server/server.go:39.2,42.15 4 9
github.com/simonjohansson/kanban/backend/internal/server/server.go:45.41,47.2 1 9
github.com/simonjohansson/kanban/backend/internal/server/server.go:49.32,52.2 2 9
github.com/simonjohansson/kanban/backend/internal/server/server.go:54.27,55.71 1 9
github.com/simonjohansson/kanban/backend/internal/server/server.go:55.71,57.3 1 0
github.com/simonjohansson/kanban/backend/internal/server/server.go:58.2,69.69 12 9
github.com/simonjohansson/kanban/backend/internal/server/server.go:78.72,80.61 2 12
github.com/simonjohansson/kanban/backend/internal/server/server.go:80.61,83.3 2 1
github.com/simonjohansson/kanban/backend/internal/server/server.go:84.2,85.16 2 11
github.com/simonjohansson/kanban/backend/internal/server/server.go:85.16,86.34 1 2
github.com/simonjohansson/kanban/backend/internal/server/server.go:86.34,89.4 2 1
github.com/simonjohansson/kanban/backend/internal/server/server.go:90.3,91.9 2 1
github.com/simonjohansson/kanban/backend/internal/server/server.go:93.2,93.60 1 9
github.com/simonjohansson/kanban/backend/internal/server/server.go:93.60,96.3 2 0
github.com/simonjohansson/kanban/backend/internal/server/server.go:97.2,98.43 2 9
github.com/simonjohansson/kanban/backend/internal/server/server.go:101.71,103.16 2 2
github.com/simonjohansson/kanban/backend/internal/server/server.go:103.16,106.3 2 1
github.com/simonjohansson/kanban/backend/internal/server/server.go:107.2,107.67 1 1
github.com/simonjohansson/kanban/backend/internal/server/server.go:117.69,120.61 3 10
github.com/simonjohansson/kanban/backend/internal/server/server.go:120.61,123.3 2 1
github.com/simonjohansson/kanban/backend/internal/server/server.go:124.2,125.16 2 9
github.com/simonjohansson/kanban/backend/internal/server/server.go:125.16,128.3 2 2
github.com/simonjohansson/kanban/backend/internal/server/server.go:129.2,130.16 2 7
github.com/simonjohansson/kanban/backend/internal/server/server.go:130.16,133.3 2 0
github.com/simonjohansson/kanban/backend/internal/server/server.go:134.2,134.60 1 7
github.com/simonjohansson/kanban/backend/internal/server/server.go:134.60,137.3 2 0
github.com/simonjohansson/kanban/backend/internal/server/server.go:138.2,138.54 1 7
github.com/simonjohansson/kanban/backend/internal/server/server.go:138.54,141.3 2 0
github.com/simonjohansson/kanban/backend/internal/server/server.go:142.2,149.40 2 7
github.com/simonjohansson/kanban/backend/internal/server/server.go:152.68,156.16 4 4
github.com/simonjohansson/kanban/backend/internal/server/server.go:156.16,159.3 2 0
github.com/simonjohansson/kanban/backend/internal/server/server.go:160.2,160.61 1 4
github.com/simonjohansson/kanban/backend/internal/server/server.go:163.66,166.16 3 3
github.com/simonjohansson/kanban/backend/internal/server/server.go:166.16,169.3 2 1
github.com/simonjohansson/kanban/backend/internal/server/server.go:170.2,171.16 2 2
github.com/simonjohansson/kanban/backend/internal/server/server.go:171.16,172.37 1 1
github.com/simonjohansson/kanban/backend/internal/server/server.go:172.37,175.4 2 1
github.com/simonjohansson/kanban/backend/internal/server/server.go:176.3,177.9 2 0
github.com/simonjohansson/kanban/backend/internal/server/server.go:179.2,179.35 1 1
github.com/simonjohansson/kanban/backend/internal/server/server.go:187.67,190.16 3 5
github.com/simonjohansson/kanban/backend/internal/server/server.go:190.16,193.3 2 0
github.com/simonjohansson/kanban/backend/internal/server/server.go:194.2,195.61 2 5
github.com/simonjohansson/kanban/backend/internal/server/server.go:195.61,198.3 2 1
github.com/simonjohansson/kanban/backend/internal/server/server.go:199.2,200.16 2 4
github.com/simonjohansson/kanban/backend/internal/server/server.go:200.16,201.37 1 2
github.com/simonjohansson/kanban/backend/internal/server/server.go:201.37,204.4 2 1
github.com/simonjohansson/kanban/backend/internal/server/server.go:205.3,206.9 2 1
github.com/simonjohansson/kanban/backend/internal/server/server.go:208.2,208.54 1 2
github.com/simonjohansson/kanban/backend/internal/server/server.go:208.54,211.3 2 0
github.com/simonjohansson/kanban/backend/internal/server/server.go:212.2,219.35 2 2
github.com/simonjohansson/kanban/backend/internal/server/server.go:226.70,229.16 3 5
github.com/simonjohansson/kanban/backend/internal/server/server.go:229.16,232.3 2 0
github.com/simonjohansson/kanban/backend/internal/server/server.go:233.2,234.61 2 5
github.com/simonjohansson/kanban/backend/internal/server/server.go:234.61,237.3 2 1
github.com/simonjohansson/kanban/backend/internal/server/server.go:238.2,239.16 2 4
github.com/simonjohansson/kanban/backend/internal/server/server.go:239.16,240.37 1 2
github.com/simonjohansson/kanban/backend/internal/server/server.go:240.37,243.4 2 1
github.com/simonjohansson/kanban/backend/internal/server/server.go:244.3,245.9 2 1
github.com/simonjohansson/kanban/backend/internal/server/server.go:247.2,247.54 1 2
github.com/simonjohansson/kanban/backend/internal/server/server.go:247.54,250.3 2 0
github.com/simonjohansson/kanban/backend/internal/server/server.go:251.2,258.35 2 2
github.com/simonjohansson/kanban/backend/internal/server/server.go:261.76,264.16 3 5
github.com/simonjohansson/kanban/backend/internal/server/server.go:264.16,267.3 2 0
github.com/simonjohansson/kanban/backend/internal/server/server.go:268.2,269.61 2 5
github.com/simonjohansson/kanban/backend/internal/server/server.go:269.61,272.3 2 1
github.com/simonjohansson/kanban/backend/internal/server/server.go:273.2,274.16 2 4
github.com/simonjohansson/kanban/backend/internal/server/server.go:274.16,275.37 1 2
github.com/simonjohansson/kanban/backend/internal/server/server.go:275.37,278.4 2 1
github.com/simonjohansson/kanban/backend/internal/server/server.go:279.3,280.9 2 1
github.com/simonjohansson/kanban/backend/internal/server/server.go:282.2,282.54 1 2
github.com/simonjohansson/kanban/backend/internal/server/server.go:282.54,285.3 2 0
github.com/simonjohansson/kanban/backend/internal/server/server.go:286.2,293.35 2 2
github.com/simonjohansson/kanban/backend/internal/server/server.go:296.69,299.16 3 6
github.com/simonjohansson/kanban/backend/internal/server/server.go:299.16,302.3 2 1
github.com/simonjohansson/kanban/backend/internal/server/server.go:303.2,305.16 3 5
github.com/simonjohansson/kanban/backend/internal/server/server.go:305.16,306.37 1 1
github.com/simonjohansson/kanban/backend/internal/server/server.go:306.37,309.4 2 1
github.com/simonjohansson/kanban/backend/internal/server/server.go:310.3,311.9 2 0
github.com/simonjohansson/kanban/backend/internal/server/server.go:313.2,313.16 1 4
github.com/simonjohansson/kanban/backend/internal/server/server.go:313.16,314.74 1 2
github.com/simonjohansson/kanban/backend/internal/server/server.go:314.74,317.4 2 0
github.com/simonjohansson/kanban/backend/internal/server/server.go:318.3,324.5 1 2
github.com/simonjohansson/kanban/backend/internal/server/server.go:325.8,325.61 1 2
github.com/simonjohansson/kanban/backend/internal/server/server.go:325.61,328.3 2 0
github.com/simonjohansson/kanban/backend/internal/server/server.go:328.8,336.3 1 2
github.com/simonjohansson/kanban/backend/internal/server/server.go:337.2,337.35 1 4
github.com/simonjohansson/kanban/backend/internal/server/server.go:340.52,343.31 3 24
github.com/simonjohansson/kanban/backend/internal/server/server.go:343.31,345.3 1 2
github.com/simonjohansson/kanban/backend/internal/server/server.go:346.2,346.20 1 22
github.com/simonjohansson/kanban/backend/internal/server/server.go:349.50,351.2 1 26
github.com/simonjohansson/kanban/backend/internal/server/server.go:353.76,355.16 2 2
github.com/simonjohansson/kanban/backend/internal/server/server.go:355.16,358.3 2 1
github.com/simonjohansson/kanban/backend/internal/server/server.go:359.2,359.74 1 1
github.com/simonjohansson/kanban/backend/internal/server/server.go:359.74,362.3 2 0
github.com/simonjohansson/kanban/backend/internal/server/server.go:363.2,366.4 1 1
github.com/simonjohansson/kanban/backend/internal/server/server.go:369.70,373.2 3 1
github.com/simonjohansson/kanban/backend/internal/server/server.go:375.64,379.2 3 54
github.com/simonjohansson/kanban/backend/internal/server/server.go:381.64,383.2 1 21
github.com/simonjohansson/kanban/backend/internal/store/markdown.go:27.63,29.56 2 9
github.com/simonjohansson/kanban/backend/internal/store/markdown.go:29.56,31.3 1 0
github.com/simonjohansson/kanban/backend/internal/store/markdown.go:32.2,32.72 1 9
github.com/simonjohansson/kanban/backend/internal/store/markdown.go:57.97,62.16 4 11
github.com/simonjohansson/kanban/backend/internal/store/markdown.go:62.16,64.3 1 1
github.com/simonjohansson/kanban/backend/internal/store/markdown.go:65.2,67.47 3 10
github.com/simonjohansson/kanban/backend/internal/store/markdown.go:67.47,69.3 1 1
github.com/simonjohansson/kanban/backend/internal/store/markdown.go:69.8,69.44 1 9
github.com/simonjohansson/kanban/backend/internal/store/markdown.go:69.44,71.3 1 0
github.com/simonjohansson/kanban/backend/internal/store/markdown.go:72.2,72.55 1 9
github.com/simonjohansson/kanban/backend/internal/store/markdown.go:72.55,74.3 1 0
github.com/simonjohansson/kanban/backend/internal/store/markdown.go:75.2,85.48 3 9
github.com/simonjohansson/kanban/backend/internal/store/markdown.go:85.48,87.3 1 0
github.com/simonjohansson/kanban/backend/internal/store/markdown.go:88.2,88.21 1 9
github.com/simonjohansson/kanban/backend/internal/store/markdown.go:91.65,93.16 2 4
github.com/simonjohansson/kanban/backend/internal/store/markdown.go:93.16,95.3 1 0
github.com/simonjohansson/kanban/backend/internal/store/markdown.go:96.2,97.29 2 4
github.com/simonjohansson/kanban/backend/internal/store/markdown.go:97.29,98.21 1 4
github.com/simonjohansson/kanban/backend/internal/store/markdown.go:98.21,99.12 1 0
github.com/simonjohansson/kanban/backend/internal/store/markdown.go:101.3,102.17 2 4
github.com/simonjohansson/kanban/backend/internal/store/markdown.go:102.17,104.4 1 2
github.com/simonjohansson/kanban/backend/internal/store/markdown.go:105.3,105.39 1 2
github.com/simonjohansson/kanban/backend/internal/store/markdown.go:107.2,107.43 1 2
github.com/simonjohansson/kanban/backend/internal/store/markdown.go:107.43,107.89 1 0
github.com/simonjohansson/kanban/backend/internal/store/markdown.go:108.2,108.22 1 2
github.com/simonjohansson/kanban/backend/internal/store/markdown.go:111.72,113.2 1 7
github.com/simonjohansson/kanban/backend/internal/store/markdown.go:115.112,120.17 4 9
github.com/simonjohansson/kanban/backend/internal/store/markdown.go:120.17,122.3 1 0
github.com/simonjohansson/kanban/backend/internal/store/markdown.go:123.2,123.47 1 9
github.com/simonjohansson/kanban/backend/internal/store/markdown.go:123.47,125.3 1 1
github.com/simonjohansson/kanban/backend/internal/store/markdown.go:126.2,127.18 2 8
github.com/simonjohansson/kanban/backend/internal/store/markdown.go:127.18,129.3 1 5
github.com/simonjohansson/kanban/backend/internal/store/markdown.go:131.2,132.16 2 8
github.com/simonjohansson/kanban/backend/internal/store/markdown.go:132.16,134.3 1 1
github.com/simonjohansson/kanban/backend/internal/store/markdown.go:135.2,151.42 6 7
github.com/simonjohansson/kanban/backend/internal/store/markdown.go:151.42,153.3 1 3
github.com/simonjohansson/kanban/backend/internal/store/markdown.go:154.2,160.42 2 7
github.com/simonjohansson/kanban/backend/internal/store/markdown.go:160.42,162.3 1 0
github.com/simonjohansson/kanban/backend/internal/store/markdown.go:163.2,163.48 1 7
github.com/simonjohansson/kanban/backend/internal/store/markdown.go:163.48,165.3 1 0
github.com/simonjohansson/kanban/backend/internal/store/markdown.go:166.2,166.18 1 7
github.com/simonjohansson/kanban/backend/internal/store/markdown.go:169.85,171.16 2 17
github.com/simonjohansson/kanban/backend/internal/store/markdown.go:171.16,173.3 1 5
github.com/simonjohansson/kanban/backend/internal/store/markdown.go:174.2,175.16 2 12
github.com/simonjohansson/kanban/backend/internal/store/markdown.go:175.16,177.3 1 0
github.com/simonjohansson/kanban/backend/internal/store/markdown.go:178.2,178.18 1 12
github.com/simonjohansson/kanban/backend/internal/store/markdown.go:181.108,186.16 4 4
github.com/simonjohansson/kanban/backend/internal/store/markdown.go:186.16,188.3 1 1
github.com/simonjohansson/kanban/backend/internal/store/markdown.go:189.2,190.16 2 3
github.com/simonjohansson/kanban/backend/internal/store/markdown.go:190.16,192.3 1 1
github.com/simonjohansson/kanban/backend/internal/store/markdown.go:193.2,197.42 5 2
github.com/simonjohansson/kanban/backend/internal/store/markdown.go:197.42,199.3 1 0
github.com/simonjohansson/kanban/backend/internal/store/markdown.go:200.2,200.18 1 2
github.com/simonjohansson/kanban/backend/internal/store/markdown.go:203.101,208.16 4 4
github.com/simonjohansson/kanban/backend/internal/store/markdown.go:208.16,210.3 1 1
github.com/simonjohansson/kanban/backend/internal/store/markdown.go:211.2,212.16 2 3
github.com/simonjohansson/kanban/backend/internal/store/markdown.go:212.16,214.3 1 1
github.com/simonjohansson/kanban/backend/internal/store/markdown.go:215.2,219.42 5 2
github.com/simonjohansson/kanban/backend/internal/store/markdown.go:219.42,221.3 1 0
github.com/simonjohansson/kanban/backend/internal/store/markdown.go:222.2,222.18 1 2
github.com/simonjohansson/kanban/backend/internal/store/markdown.go:225.109,229.47 3 4
github.com/simonjohansson/kanban/backend/internal/store/markdown.go:229.47,231.3 1 1
github.com/simonjohansson/kanban/backend/internal/store/markdown.go:232.2,233.18 2 3
github.com/simonjohansson/kanban/backend/internal/store/markdown.go:233.18,235.3 1 1
github.com/simonjohansson/kanban/backend/internal/store/markdown.go:236.2,237.16 2 3
github.com/simonjohansson/kanban/backend/internal/store/markdown.go:237.16,239.3 1 1
github.com/simonjohansson/kanban/backend/internal/store/markdown.go:240.2,245.42 6 2
github.com/simonjohansson/kanban/backend/internal/store/markdown.go:245.42,247.3 1 0
github.com/simonjohansson/kanban/backend/internal/store/markdown.go:248.2,248.18 1 2
github.com/simonjohansson/kanban/backend/internal/store/markdown.go:251.99,256.16 4 5
github.com/simonjohansson/kanban/backend/internal/store/markdown.go:256.16,258.3 1 1
github.com/simonjohansson/kanban/backend/internal/store/markdown.go:259.2,259.10 1 4
github.com/simonjohansson/kanban/backend/internal/store/markdown.go:259.10,260.68 1 2
github.com/simonjohansson/kanban/backend/internal/store/markdown.go:260.68,262.4 1 0
github.com/simonjohansson/kanban/backend/internal/store/markdown.go:263.3,266.19 4 2
github.com/simonjohansson/kanban/backend/internal/store/markdown.go:268.2,272.42 5 2
github.com/simonjohansson/kanban/backend/internal/store/markdown.go:272.42,274.3 1 0
github.com/simonjohansson/kanban/backend/internal/store/markdown.go:275.2,275.18 1 2
github.com/simonjohansson/kanban/backend/internal/store/markdown.go:278.75,280.16 2 2
github.com/simonjohansson/kanban/backend/internal/store/markdown.go:280.16,282.3 1 1
github.com/simonjohansson/kanban/backend/internal/store/markdown.go:283.2,284.29 2 1
github.com/simonjohansson/kanban/backend/internal/store/markdown.go:284.29,286.17 2 1
github.com/simonjohansson/kanban/backend/internal/store/markdown.go:286.17,288.4 1 0
github.com/simonjohansson/kanban/backend/internal/store/markdown.go:289.3,289.41 1 1
github.com/simonjohansson/kanban/backend/internal/store/markdown.go:291.2,291.29 1 1
github.com/simonjohansson/kanban/backend/internal/store/markdown.go:294.84,296.16 2 1
github.com/simonjohansson/kanban/backend/internal/store/markdown.go:296.16,298.3 1 0
github.com/simonjohansson/kanban/backend/internal/store/markdown.go:299.2,300.35 2 1
github.com/simonjohansson/kanban/backend/internal/store/markdown.go:300.35,301.20 1 2
github.com/simonjohansson/kanban/backend/internal/store/markdown.go:301.20,302.12 1 0
github.com/simonjohansson/kanban/backend/internal/store/markdown.go:304.3,304.87 1 2
github.com/simonjohansson/kanban/backend/internal/store/markdown.go:304.87,305.12 1 1
github.com/simonjohansson/kanban/backend/internal/store/markdown.go:307.3,308.10 2 1
github.com/simonjohansson/kanban/backend/internal/store/markdown.go:308.10,309.12 1 0
github.com/simonjohansson/kanban/backend/internal/store/markdown.go:311.3,312.17 2 1
github.com/simonjohansson/kanban/backend/internal/store/markdown.go:312.17,314.4 1 0
github.com/simonjohansson/kanban/backend/internal/store/markdown.go:315.3,315.30 1 1
github.com/simonjohansson/kanban/backend/internal/store/markdown.go:317.2,317.40 1 1
github.com/simonjohansson/kanban/backend/internal/store/markdown.go:317.40,317.84 1 0
github.com/simonjohansson/kanban/backend/internal/store/markdown.go:318.2,318.19 1 1
github.com/simonjohansson/kanban/backend/internal/store/markdown.go:321.73,323.16 2 19
github.com/simonjohansson/kanban/backend/internal/store/markdown.go:323.16,325.3 1 1
github.com/simonjohansson/kanban/backend/internal/store/markdown.go:326.2,327.16 2 18
github.com/simonjohansson/kanban/backend/internal/store/markdown.go:327.16,329.3 1 2
github.com/simonjohansson/kanban/backend/internal/store/markdown.go:330.2,331.49 2 16
github.com/simonjohansson/kanban/backend/internal/store/markdown.go:331.49,333.3 1 0
github.com/simonjohansson/kanban/backend/internal/store/markdown.go:334.2,334.19 1 16
github.com/simonjohansson/kanban/backend/internal/store/markdown.go:334.19,336.3 1 0
github.com/simonjohansson/kanban/backend/internal/store/markdown.go:337.2,337.25 1 16
github.com/simonjohansson/kanban/backend/internal/store/markdown.go:337.25,339.3 1 0
github.com/simonjohansson/kanban/backend/internal/store/markdown.go:340.2,348.8 1 16
github.com/simonjohansson/kanban/backend/internal/store/markdown.go:351.61,362.16 3 16
github.com/simonjohansson/kanban/backend/internal/store/markdown.go:362.16,364.3 1 0
github.com/simonjohansson/kanban/backend/internal/store/markdown.go:365.2,372.64 8 16
github.com/simonjohansson/kanban/backend/internal/store/markdown.go:375.55,377.16 2 15
github.com/simonjohansson/kanban/backend/internal/store/markdown.go:377.16,379.3 1 0
github.com/simonjohansson/kanban/backend/internal/store/markdown.go:380.2,385.78 6 15
github.com/simonjohansson/kanban/backend/internal/store/markdown.go:388.58,401.16 3 15
github.com/simonjohansson/kanban/backend/internal/store/markdown.go:401.16,403.3 1 0
github.com/simonjohansson/kanban/backend/internal/store/markdown.go:404.2,410.25 7 15
github.com/simonjohansson/kanban/backend/internal/store/markdown.go:410.25,412.3 1 0
github.com/simonjohansson/kanban/backend/internal/store/markdown.go:412.8,413.35 1 15
github.com/simonjohansson/kanban/backend/internal/store/markdown.go:413.35,421.4 7 35
github.com/simonjohansson/kanban/backend/internal/store/markdown.go:423.2,423.32 1 15
github.com/simonjohansson/kanban/backend/internal/store/markdown.go:426.71,427.22 1 30
github.com/simonjohansson/kanban/backend/internal/store/markdown.go:427.22,430.3 2 11
github.com/simonjohansson/kanban/backend/internal/store/markdown.go:431.2,431.31 1 19
github.com/simonjohansson/kanban/backend/internal/store/markdown.go:431.31,437.3 5 25
github.com/simonjohansson/kanban/backend/internal/store/markdown.go:440.49,442.16 2 12
github.com/simonjohansson/kanban/backend/internal/store/markdown.go:442.16,444.3 1 0
github.com/simonjohansson/kanban/backend/internal/store/markdown.go:445.2,446.49 2 12
github.com/simonjohansson/kanban/backend/internal/store/markdown.go:446.49,448.3 1 0
github.com/simonjohansson/kanban/backend/internal/store/markdown.go:449.2,463.8 2 12
github.com/simonjohansson/kanban/backend/internal/store/markdown.go:466.94,479.18 4 12
github.com/simonjohansson/kanban/backend/internal/store/markdown.go:479.18,480.20 1 111
github.com/simonjohansson/kanban/backend/internal/store/markdown.go:480.20,482.4 1 48
github.com/simonjohansson/kanban/backend/internal/store/markdown.go:483.3,484.37 2 63
github.com/simonjohansson/kanban/backend/internal/store/markdown.go:484.37,488.4 3 0
github.com/simonjohansson/kanban/backend/internal/store/markdown.go:489.3,489.18 1 63
github.com/simonjohansson/kanban/backend/internal/store/markdown.go:490.22,491.64 1 19
github.com/simonjohansson/kanban/backend/internal/store/markdown.go:491.64,493.5 1 19
github.com/simonjohansson/kanban/backend/internal/store/markdown.go:494.19,495.64 1 9
github.com/simonjohansson/kanban/backend/internal/store/markdown.go:495.64,497.5 1 9
github.com/simonjohansson/kanban/backend/internal/store/markdown.go:498.18,500.23 2 35
github.com/simonjohansson/kanban/backend/internal/store/markdown.go:500.23,501.66 1 35
github.com/simonjohansson/kanban/backend/internal/store/markdown.go:501.66,503.6 1 35
github.com/simonjohansson/kanban/backend/internal/store/markdown.go:506.3,507.14 2 63
github.com/simonjohansson/kanban/backend/internal/store/markdown.go:510.2,510.21 1 12
github.com/simonjohansson/kanban/backend/internal/store/markdown.go:510.21,512.36 2 252
github.com/simonjohansson/kanban/backend/internal/store/markdown.go:512.36,515.12 3 36
github.com/simonjohansson/kanban/backend/internal/store/markdown.go:517.3,517.37 1 216
github.com/simonjohansson/kanban/backend/internal/store/markdown.go:517.37,520.12 3 63
github.com/simonjohansson/kanban/backend/internal/store/markdown.go:522.3,522.20 1 153
github.com/simonjohansson/kanban/backend/internal/store/markdown.go:522.20,524.4 1 147
github.com/simonjohansson/kanban/backend/internal/store/markdown.go:526.2,527.25 2 12
github.com/simonjohansson/kanban/backend/internal/store/markdown.go:530.60,532.38 2 30
github.com/simonjohansson/kanban/backend/internal/store/markdown.go:532.38,534.3 1 2
github.com/simonjohansson/kanban/backend/internal/store/markdown.go:535.2,537.13 3 28
github.com/simonjohansson/kanban/backend/internal/store/markdown.go:537.13,539.3 1 0
github.com/simonjohansson/kanban/backend/internal/store/markdown.go:540.2,542.31 3 28
github.com/simonjohansson/kanban/backend/internal/store/markdown.go:545.42,547.18 2 13
github.com/simonjohansson/kanban/backend/internal/store/markdown.go:547.18,549.3 1 1
github.com/simonjohansson/kanban/backend/internal/store/markdown.go:550.2,550.47 1 12
github.com/simonjohansson/kanban/backend/internal/store/markdown.go:550.47,552.3 1 1
github.com/simonjohansson/kanban/backend/internal/store/markdown.go:553.2,553.12 1 11
github.com/simonjohansson/kanban/backend/internal/store/markdown.go:556.34,561.16 5 10
github.com/simonjohansson/kanban/backend/internal/store/markdown.go:561.16,563.3 1 0
github.com/simonjohansson/kanban/backend/internal/store/markdown.go:564.2,564.13 1 10
github.com/simonjohansson/kanban/backend/internal/store/markdown.go:567.54,568.74 1 1
github.com/simonjohansson/kanban/backend/internal/store/markdown.go:568.74,570.3 1 0
github.com/simonjohansson/kanban/backend/internal/store/markdown.go:571.2,573.16 3 1
github.com/simonjohansson/kanban/backend/internal/store/markdown.go:573.16,575.3 1 0
github.com/simonjohansson/kanban/backend/internal/store/markdown.go:576.2,576.16 1 1
github.com/simonjohansson/kanban/backend/internal/store/markdown.go:579.56,581.2 1 80
github.com/simonjohansson/kanban/backend/internal/store/markdown.go:583.57,585.2 1 35
github.com/simonjohansson/kanban/backend/internal/store/markdown.go:587.73,589.2 1 34
github.com/simonjohansson/kanban/backend/internal/store/sqlite.go:18.66,20.16 2 9
github.com/simonjohansson/kanban/backend/internal/store/sqlite.go:20.16,22.3 1 0
github.com/simonjohansson/kanban/backend/internal/store/sqlite.go:23.2,24.42 2 9
github.com/simonjohansson/kanban/backend/internal/store/sqlite.go:24.42,27.3 2 0
github.com/simonjohansson/kanban/backend/internal/store/sqlite.go:28.2,28.24 1 9
github.com/simonjohansson/kanban/backend/internal/store/sqlite.go:31.42,33.2 1 9
github.com/simonjohansson/kanban/backend/internal/store/sqlite.go:35.41,63.2 2 9
github.com/simonjohansson/kanban/backend/internal/store/sqlite.go:65.71,86.2 2 16
github.com/simonjohansson/kanban/backend/internal/store/sqlite.go:88.62,119.2 2 15
github.com/simonjohansson/kanban/backend/internal/store/sqlite.go:121.81,124.2 2 2
github.com/simonjohansson/kanban/backend/internal/store/sqlite.go:126.108,131.21 2 4
github.com/simonjohansson/kanban/backend/internal/store/sqlite.go:131.21,133.3 1 2
github.com/simonjohansson/kanban/backend/internal/store/sqlite.go:134.2,136.16 3 4
github.com/simonjohansson/kanban/backend/internal/store/sqlite.go:136.16,138.3 1 0
github.com/simonjohansson/kanban/backend/internal/store/sqlite.go:139.2,142.18 3 4
github.com/simonjohansson/kanban/backend/internal/store/sqlite.go:142.18,149.166 2 2
github.com/simonjohansson/kanban/backend/internal/store/sqlite.go:149.166,151.4 1 0
github.com/simonjohansson/kanban/backend/internal/store/sqlite.go:152.3,153.71 2 2
github.com/simonjohansson/kanban/backend/internal/store/sqlite.go:153.71,155.4 1 0
github.com/simonjohansson/kanban/backend/internal/store/sqlite.go:156.3,156.71 1 2
github.com/simonjohansson/kanban/backend/internal/store/sqlite.go:156.71,158.4 1 0
github.com/simonjohansson/kanban/backend/internal/store/sqlite.go:159.3,159.27 1 2
github.com/simonjohansson/kanban/backend/internal/store/sqlite.go:161.2,161.35 1 4
github.com/simonjohansson/kanban/backend/internal/store/sqlite.go:161.35,163.3 1 0
github.com/simonjohansson/kanban/backend/internal/store/sqlite.go:164.2,164.19 1 4
github.com/simonjohansson/kanban/backend/internal/store/sqlite.go:167.100,169.16 2 1
github.com/simonjohansson/kanban/backend/internal/store/sqlite.go:169.16,171.3 1 0
github.com/simonjohansson/kanban/backend/internal/store/sqlite.go:172.2,172.15 1 1
github.com/simonjohansson/kanban/backend/internal/store/sqlite.go:172.15,173.17 1 1
github.com/simonjohansson/kanban/backend/internal/store/sqlite.go:173.17,175.4 1 0
github.com/simonjohansson/kanban/backend/internal/store/sqlite.go:178.2,178.55 1 1
github.com/simonjohansson/kanban/backend/internal/store/sqlite.go:178.55,180.3 1 0
github.com/simonjohansson/kanban/backend/internal/store/sqlite.go:181.2,181.58 1 1
github.com/simonjohansson/kanban/backend/internal/store/sqlite.go:181.58,183.3 1 0
github.com/simonjohansson/kanban/backend/internal/store/sqlite.go:185.2,185.43 1 1
github.com/simonjohansson/kanban/backend/internal/store/sqlite.go:185.43,185.89 1 0
github.com/simonjohansson/kanban/backend/internal/store/sqlite.go:186.2,186.40 1 1
github.com/simonjohansson/kanban/backend/internal/store/sqlite.go:186.40,187.51 1 0
github.com/simonjohansson/kanban/backend/internal/store/sqlite.go:187.51,189.4 1 0
github.com/simonjohansson/kanban/backend/internal/store/sqlite.go:190.3,190.53 1 0
github.com/simonjohansson/kanban/backend/internal/store/sqlite.go:193.2,193.35 1 1
github.com/simonjohansson/kanban/backend/internal/store/sqlite.go:193.35,205.17 1 1
github.com/simonjohansson/kanban/backend/internal/store/sqlite.go:205.17,207.4 1 0
github.com/simonjohansson/kanban/backend/internal/store/sqlite.go:210.2,210.29 1 1
github.com/simonjohansson/kanban/backend/internal/store/sqlite.go:210.29,228.17 1 1
github.com/simonjohansson/kanban/backend/internal/store/sqlite.go:228.17,230.4 1 0
github.com/simonjohansson/kanban/backend/internal/store/sqlite.go:233.2,233.20 1 1
github.com/simonjohansson/kanban/backend/internal/store/sqlite.go:236.28,237.7 1 16
github.com/simonjohansson/kanban/backend/internal/store/sqlite.go:237.7,239.3 1 2
github.com/simonjohansson/kanban/backend/internal/store/sqlite.go:240.2,240.10 1 14
