mode: atomic
github.com/simonjohansson/kanban/backend/internal/server/hub.go:27.20,32.44 1 4
github.com/simonjohansson/kanban/backend/internal/server/hub.go:32.44,34.5 1 1
github.com/simonjohansson/kanban/backend/internal/server/hub.go:42.2,43.10 2 4
github.com/simonjohansson/kanban/backend/internal/server/hub.go:46.23,48.2 1 4
github.com/simonjohansson/kanban/backend/internal/server/hub.go:50.63,52.16 2 1
github.com/simonjohansson/kanban/backend/internal/server/hub.go:52.16,54.3 1 0
github.com/simonjohansson/kanban/backend/internal/server/hub.go:55.2,58.12 3 1
github.com/simonjohansson/kanban/backend/internal/server/hub.go:58.12,59.16 1 1
github.com/simonjohansson/kanban/backend/internal/server/hub.go:59.16,59.42 1 1
github.com/simonjohansson/kanban/backend/internal/server/hub.go:60.3,60.7 1 1
github.com/simonjohansson/kanban/backend/internal/server/hub.go:60.7,61.58 1 1
github.com/simonjohansson/kanban/backend/internal/server/hub.go:61.58,63.5 1 1
github.com/simonjohansson/kanban/backend/internal/server/hub.go:68.42,69.9 1 17
github.com/simonjohansson/kanban/backend/internal/server/hub.go:70.28,70.28 0 17
github.com/simonjohansson/kanban/backend/internal/server/hub.go:71.10,71.10 0 0
github.com/simonjohansson/kanban/backend/internal/server/hub.go:76.21,77.6 1 4
github.com/simonjohansson/kanban/backend/internal/server/hub.go:77.6,78.10 1 22
github.com/simonjohansson/kanban/backend/internal/server/hub.go:79.31,80.34 1 1
github.com/simonjohansson/kanban/backend/internal/server/hub.go:81.33,82.38 1 0
github.com/simonjohansson/kanban/backend/internal/server/hub.go:82.38,85.5 2 0
github.com/simonjohansson/kanban/backend/internal/server/hub.go:86.31,87.34 1 17
github.com/simonjohansson/kanban/backend/internal/server/hub.go:87.34,88.64 1 7
github.com/simonjohansson/kanban/backend/internal/server/hub.go:88.64,89.14 1 0
github.com/simonjohansson/kanban/backend/internal/server/hub.go:91.5,95.19 5 7
github.com/simonjohansson/kanban/backend/internal/server/hub.go:95.19,98.6 2 0
github.com/simonjohansson/kanban/backend/internal/server/hub.go:100.17,101.34 1 4
github.com/simonjohansson/kanban/backend/internal/server/hub.go:101.34,103.5 1 1
github.com/simonjohansson/kanban/backend/internal/server/hub.go:104.4,104.10 1 4
github.com/simonjohansson/kanban/backend/internal/server/server.go:29.41,31.16 2 4
github.com/simonjohansson/kanban/backend/internal/server/server.go:31.16,33.3 1 0
github.com/simonjohansson/kanban/backend/internal/server/server.go:34.2,35.16 2 4
github.com/simonjohansson/kanban/backend/internal/server/server.go:35.16,37.3 1 0
github.com/simonjohansson/kanban/backend/internal/server/server.go:38.2,41.15 4 4
github.com/simonjohansson/kanban/backend/internal/server/server.go:44.41,46.2 1 4
github.com/simonjohansson/kanban/backend/internal/server/server.go:48.32,51.2 2 4
github.com/simonjohansson/kanban/backend/internal/server/server.go:53.27,54.71 1 4
github.com/simonjohansson/kanban/backend/internal/server/server.go:54.71,56.3 1 0
github.com/simonjohansson/kanban/backend/internal/server/server.go:57.2,67.69 11 4
github.com/simonjohansson/kanban/backend/internal/server/server.go:76.72,78.61 2 4
github.com/simonjohansson/kanban/backend/internal/server/server.go:78.61,81.3 2 0
github.com/simonjohansson/kanban/backend/internal/server/server.go:82.2,83.16 2 4
github.com/simonjohansson/kanban/backend/internal/server/server.go:83.16,84.34 1 0
github.com/simonjohansson/kanban/backend/internal/server/server.go:84.34,87.4 2 0
github.com/simonjohansson/kanban/backend/internal/server/server.go:88.3,89.9 2 0
github.com/simonjohansson/kanban/backend/internal/server/server.go:91.2,91.60 1 4
github.com/simonjohansson/kanban/backend/internal/server/server.go:91.60,94.3 2 0
github.com/simonjohansson/kanban/backend/internal/server/server.go:95.2,96.43 2 4
github.com/simonjohansson/kanban/backend/internal/server/server.go:99.71,101.16 2 1
github.com/simonjohansson/kanban/backend/internal/server/server.go:101.16,104.3 2 0
github.com/simonjohansson/kanban/backend/internal/server/server.go:105.2,105.67 1 1
github.com/simonjohansson/kanban/backend/internal/server/server.go:115.69,118.61 3 3
github.com/simonjohansson/kanban/backend/internal/server/server.go:118.61,121.3 2 0
github.com/simonjohansson/kanban/backend/internal/server/server.go:122.2,123.16 2 3
github.com/simonjohansson/kanban/backend/internal/server/server.go:123.16,126.3 2 0
github.com/simonjohansson/kanban/backend/internal/server/server.go:127.2,128.16 2 3
github.com/simonjohansson/kanban/backend/internal/server/server.go:128.16,131.3 2 0
github.com/simonjohansson/kanban/backend/internal/server/server.go:132.2,132.60 1 3
github.com/simonjohansson/kanban/backend/internal/server/server.go:132.60,135.3 2 0
github.com/simonjohansson/kanban/backend/internal/server/server.go:136.2,136.54 1 3
github.com/simonjohansson/kanban/backend/internal/server/server.go:136.54,139.3 2 0
github.com/simonjohansson/kanban/backend/internal/server/server.go:140.2,147.40 2 3
github.com/simonjohansson/kanban/backend/internal/server/server.go:150.68,154.16 4 4
github.com/simonjohansson/kanban/backend/internal/server/server.go:154.16,157.3 2 0
github.com/simonjohansson/kanban/backend/internal/server/server.go:158.2,158.61 1 4
github.com/simonjohansson/kanban/backend/internal/server/server.go:161.66,164.16 3 1
github.com/simonjohansson/kanban/backend/internal/server/server.go:164.16,167.3 2 0
github.com/simonjohansson/kanban/backend/internal/server/server.go:168.2,169.16 2 1
github.com/simonjohansson/kanban/backend/internal/server/server.go:169.16,170.37 1 0
github.com/simonjohansson/kanban/backend/internal/server/server.go:170.37,173.4 2 0
github.com/simonjohansson/kanban/backend/internal/server/server.go:174.3,175.9 2 0
github.com/simonjohansson/kanban/backend/internal/server/server.go:177.2,177.35 1 1
github.com/simonjohansson/kanban/backend/internal/server/server.go:185.67,188.16 3 2
github.com/simonjohansson/kanban/backend/internal/server/server.go:188.16,191.3 2 0
github.com/simonjohansson/kanban/backend/internal/server/server.go:192.2,193.61 2 2
github.com/simonjohansson/kanban/backend/internal/server/server.go:193.61,196.3 2 0
github.com/simonjohansson/kanban/backend/internal/server/server.go:197.2,198.16 2 2
github.com/simonjohansson/kanban/backend/internal/server/server.go:198.16,199.37 1 0
github.com/simonjohansson/kanban/backend/internal/server/server.go:199.37,202.4 2 0
github.com/simonjohansson/kanban/backend/internal/server/server.go:203.3,204.9 2 0
github.com/simonjohansson/kanban/backend/internal/server/server.go:206.2,206.54 1 2
github.com/simonjohansson/kanban/backend/internal/server/server.go:206.54,209.3 2 0
github.com/simonjohansson/kanban/backend/internal/server/server.go:210.2,217.35 2 2
github.com/simonjohansson/kanban/backend/internal/server/server.go:224.70,227.16 3 2
github.com/simonjohansson/kanban/backend/internal/server/server.go:227.16,230.3 2 0
github.com/simonjohansson/kanban/backend/internal/server/server.go:231.2,232.61 2 2
github.com/simonjohansson/kanban/backend/internal/server/server.go:232.61,235.3 2 0
github.com/simonjohansson/kanban/backend/internal/server/server.go:236.2,237.16 2 2
github.com/simonjohansson/kanban/backend/internal/server/server.go:237.16,238.37 1 0
github.com/simonjohansson/kanban/backend/internal/server/server.go:238.37,241.4 2 0
github.com/simonjohansson/kanban/backend/internal/server/server.go:242.3,243.9 2 0
github.com/simonjohansson/kanban/backend/internal/server/server.go:245.2,245.54 1 2
github.com/simonjohansson/kanban/backend/internal/server/server.go:245.54,248.3 2 0
github.com/simonjohansson/kanban/backend/internal/server/server.go:249.2,256.35 2 2
github.com/simonjohansson/kanban/backend/internal/server/server.go:259.76,262.16 3 2
github.com/simonjohansson/kanban/backend/internal/server/server.go:262.16,265.3 2 0
github.com/simonjohansson/kanban/backend/internal/server/server.go:266.2,267.61 2 2
github.com/simonjohansson/kanban/backend/internal/server/server.go:267.61,270.3 2 0
github.com/simonjohansson/kanban/backend/internal/server/server.go:271.2,272.16 2 2
github.com/simonjohansson/kanban/backend/internal/server/server.go:272.16,273.37 1 0
github.com/simonjohansson/kanban/backend/internal/server/server.go:273.37,276.4 2 0
github.com/simonjohansson/kanban/backend/internal/server/server.go:277.3,278.9 2 0
github.com/simonjohansson/kanban/backend/internal/server/server.go:280.2,280.54 1 2
github.com/simonjohansson/kanban/backend/internal/server/server.go:280.54,283.3 2 0
github.com/simonjohansson/kanban/backend/internal/server/server.go:284.2,291.35 2 2
github.com/simonjohansson/kanban/backend/internal/server/server.go:294.69,297.16 3 4
github.com/simonjohansson/kanban/backend/internal/server/server.go:297.16,300.3 2 0
github.com/simonjohansson/kanban/backend/internal/server/server.go:301.2,303.16 3 4
github.com/simonjohansson/kanban/backend/internal/server/server.go:303.16,304.37 1 0
github.com/simonjohansson/kanban/backend/internal/server/server.go:304.37,307.4 2 0
github.com/simonjohansson/kanban/backend/internal/server/server.go:308.3,309.9 2 0
github.com/simonjohansson/kanban/backend/internal/server/server.go:311.2,311.16 1 4
github.com/simonjohansson/kanban/backend/internal/server/server.go:311.16,312.74 1 2
github.com/simonjohansson/kanban/backend/internal/server/server.go:312.74,315.4 2 0
github.com/simonjohansson/kanban/backend/internal/server/server.go:316.3,322.5 1 2
github.com/simonjohansson/kanban/backend/internal/server/server.go:323.8,323.61 1 2
github.com/simonjohansson/kanban/backend/internal/server/server.go:323.61,326.3 2 0
github.com/simonjohansson/kanban/backend/internal/server/server.go:326.8,334.3 1 2
github.com/simonjohansson/kanban/backend/internal/server/server.go:335.2,335.35 1 4
github.com/simonjohansson/kanban/backend/internal/server/server.go:338.52,341.31 3 11
github.com/simonjohansson/kanban/backend/internal/server/server.go:341.31,343.3 1 0
github.com/simonjohansson/kanban/backend/internal/server/server.go:344.2,344.20 1 11
github.com/simonjohansson/kanban/backend/internal/server/server.go:347.50,349.2 1 17
github.com/simonjohansson/kanban/backend/internal/server/server.go:351.76,353.16 2 1
github.com/simonjohansson/kanban/backend/internal/server/server.go:353.16,356.3 2 0
github.com/simonjohansson/kanban/backend/internal/server/server.go:357.2,357.74 1 1
github.com/simonjohansson/kanban/backend/internal/server/server.go:357.74,360.3 2 0
github.com/simonjohansson/kanban/backend/internal/server/server.go:361.2,364.4 1 1
github.com/simonjohansson/kanban/backend/internal/server/server.go:367.64,371.2 3 24
github.com/simonjohansson/kanban/backend/internal/server/server.go:373.64,375.2 1 0
